2023-12-06 09:41:20 WARN  DangNhap:348 -  Người dùng nhập đúng tên đăng nhập NamVP nhưng sai mật khẩu!
2023-12-06 09:43:06 WARN  DangNhap:348 -  Người dùng nhập đúng tên đăng nhập NamVP nhưng sai mật khẩu!
2023-12-06 09:43:09 INFO  HomeStoreJFrame:715 - Nhân viên: NamVP đăng nhập hệ thống!
2023-12-06 09:54:25 INFO  HomeStoreJFrame:715 - Nhân viên: NamVP đăng nhập hệ thống!
2023-12-06 09:56:26 INFO  HomeStoreJFrame:715 - Nhân viên: NamVP đăng nhập hệ thống!
2023-12-06 10:03:44 INFO  HomeStoreJFrame:715 - Nhân viên: NamVP đăng nhập hệ thống!
2023-12-06 10:09:00 INFO  HomeStoreJFrame:715 - Nhân viên: NamVP đăng nhập hệ thống!
2023-12-06 10:11:49 INFO  HomeStoreJFrame:715 - Nhân viên: NamVP đăng nhập hệ thống!
2023-12-06 10:49:02 INFO  HomeStoreJFrame:715 - Nhân viên: NamVP đăng nhập hệ thống!
2023-12-06 10:55:39 INFO  HomeStoreJFrame:733 - Nhân viên: NamVP đăng nhập hệ thống!
2023-12-06 11:06:17 INFO  HomeStoreJFrame:733 - Nhân viên: NamVP đăng nhập hệ thống!
2023-12-06 20:25:25 INFO  HomeStoreJFrame:733 - Nhân viên: NamVP đăng nhập hệ thống!
2023-12-07 16:41:05 INFO  HomeStoreJFrame:733 - Nhân viên: NamVP đăng nhập hệ thống!
2023-12-07 16:52:08 INFO  HomeStoreJFrame:733 - Nhân viên: NamVP đăng nhập hệ thống!
2023-12-07 20:02:50 INFO  HomeStoreJFrame:733 - Nhân viên: NamVP đăng nhập hệ thống!
2023-12-08 07:27:48 INFO  HomeStoreJFrame:733 - Nhân viên: NamVP đăng nhập hệ thống!
2023-12-08 08:04:34 INFO  HomeStoreJFrame:733 - Nhân viên: NamVP đăng nhập hệ thống!
2023-12-08 08:15:32 INFO  HomeStoreJFrame:733 - Nhân viên: NamVP đăng nhập hệ thống!
2023-12-08 08:16:34 WARN  NhanVienJdialogg:637 - Người dùng LinhHTthao tác thêm thành công nhân viên Hoàng Thùy Linh
2023-12-08 08:41:31 INFO  HomeStoreJFrame:733 - Nhân viên: NamVP đăng nhập hệ thống!
2023-12-08 08:47:51 INFO  HomeStoreJFrame:733 - Nhân viên: NamVP đăng nhập hệ thống!
2023-12-08 08:49:27 WARN  SanPhamJDialog:619 - Người dùng NamVPthao tác thêm thành công Sản Phẩm Áo Khoác
2023-12-08 08:49:31 WARN  SanPhamJDialog:616 - Người dùng NamVPthao tác thêm thành công Sản Phẩm Áo Khoác
2023-12-08 08:55:53 INFO  HomeStoreJFrame:733 - Nhân viên: NamVP đăng nhập hệ thống!
2023-12-08 08:57:08 WARN  SanPhamJDialog:619 - Người dùng NamVPthao tác thêm thành công Sản Phẩm Áo khoác
2023-12-08 08:57:12 WARN  SanPhamJDialog:619 - Người dùng NamVPthao tác thêm thành công Sản Phẩm Áo khoác
2023-12-08 08:57:16 INFO  SanPhamJDialog:616 - Người dùng NamVPthao tác thêm thành công Sản Phẩm Áo khoác
2023-12-08 09:27:08 INFO  HomeStoreJFrame:755 - Nhân viên: NamVP đăng nhập hệ thống!
2023-12-08 09:27:42 INFO  HomeStoreJFrame:755 - Nhân viên: NamVP đăng nhập hệ thống!
2023-12-09 21:10:51 INFO  HomeStoreJFrame:755 - Nhân viên: NamVP đăng nhập hệ thống!
2023-12-10 16:22:32 INFO  HomeStoreJFrame:755 - Nhân viên: NamVP đăng nhập hệ thống!
2023-12-10 20:31:09 INFO  HomeStoreJFrame:756 - Nhân viên: NamVP đăng nhập hệ thống!
2023-12-10 20:32:31 INFO  HomeStoreJFrame:756 - Nhân viên: NamVP đăng nhập hệ thống!
2023-12-10 21:27:23 INFO  HomeStoreJFrame:759 - Nhân viên: NamVP đăng nhập hệ thống!
2023-12-11 20:49:26 INFO  HomeStoreJFrame:759 - Nhân viên: NamVP đăng nhập hệ thống!
2023-12-11 20:52:27 INFO  HomeStoreJFrame:740 - Nhân viên: NamVP đăng nhập hệ thống!
2023-12-11 20:57:29 INFO  HomeStoreJFrame:739 - Nhân viên: NamVP đăng nhập hệ thống!
2023-12-11 21:01:31 INFO  HomeStoreJFrame:740 - Nhân viên: NamVP đăng nhập hệ thống!
2023-12-11 21:04:16 INFO  HomeStoreJFrame:740 - Nhân viên: NamVP đăng nhập hệ thống!
2023-12-12 16:21:40 WARN  HomeStoreJFrame:893 - NGười dùng nullXem lịch sử nhưng không thành
2023-12-12 16:22:05 INFO  HomeStoreJFrame:740 - Nhân viên: NamVP đăng nhập hệ thống!
2023-12-12 20:57:51 INFO  HomeStoreJFrame:740 - Nhân viên: NamVP đăng nhập hệ thống!
2023-12-12 21:04:42 INFO  HomeStoreJFrame:740 - Nhân viên: NamVP đăng nhập hệ thống!
2023-12-12 21:05:57 WARN  DangNhap:348 -  Người dùng nhập đúng tên đăng nhập NamVP nhưng sai mật khẩu!
2023-12-12 21:06:02 WARN  DangNhap:348 -  Người dùng nhập đúng tên đăng nhập NamVP nhưng sai mật khẩu!
2023-12-12 21:06:11 INFO  HomeStoreJFrame:740 - Nhân viên: NamVP đăng nhập hệ thống!
2023-12-12 21:06:52 INFO  NhanVienJdialogg:674 - Người dùng NamVPthao tác thêm thành công nhân viên Vũ Phương Nam
2023-12-12 21:07:00 WARN  DangNhap:348 -  Người dùng nhập đúng tên đăng nhập NamVP nhưng sai mật khẩu!
2023-12-12 21:07:35 INFO  NhanVienJdialogg:674 - Người dùng NamVPthao tác thêm thành công nhân viên Vũ Phương Nam
2023-12-12 21:08:35 INFO  HomeStoreJFrame:740 - Nhân viên: NamVP đăng nhập hệ thống!
2023-12-12 21:20:03 WARN  DangNhap:348 -  Người dùng nhập đúng tên đăng nhập NamVP nhưng sai mật khẩu!
2023-12-12 21:20:07 INFO  HomeStoreJFrame:740 - Nhân viên: NamVP đăng nhập hệ thống!
2023-12-12 21:21:43 INFO  NhanVienJdialogg:674 - Người dùng NamVPthao tác thêm thành công nhân viên Lê Văn C
2023-12-12 21:36:15 INFO  HomeStoreJFrame:741 - Nhân viên: NamVP đăng nhập hệ thống!
2023-12-12 21:36:51 INFO  NhanVienJdialogg:622 - Người dùng NamVPthao tác thêm thất thành công
2023-12-12 21:37:49 INFO  KhachHangDialog:558 - Người dùngNamVPthêm thành công khách hàngTrương Đình Hoàng
2023-12-12 21:39:16 INFO  SanPhamJDialog:616 - Người dùng NamVPthao tác thêm thành công Sản Phẩm Tất(Vớ)
2023-12-13 09:37:57 INFO  HomeStoreJFrame:741 - Nhân viên: NamVP đăng nhập hệ thống!
2024-03-20 09:50:10 WARN  DangNhap:348 -  Người dùng nhập đúng tên đăng nhập NamVP nhưng sai mật khẩu!
2024-03-20 10:03:01 WARN  DangNhap:348 -  Người dùng nhập đúng tên đăng nhập NamVP nhưng sai mật khẩu!
2024-03-20 10:03:06 WARN  DangNhap:348 -  Người dùng nhập đúng tên đăng nhập NamVP nhưng sai mật khẩu!
2024-03-29 09:42:41 WARN  DangNhap:348 -  Người dùng nhập đúng tên đăng nhập NamVP nhưng sai mật khẩu!
2024-07-10 12:59:05 WARN  DangNhap:348 -  Người dùng nhập đúng tên đăng nhập NamVP nhưng sai mật khẩu!
2024-07-10 12:59:09 WARN  DangNhap:348 -  Người dùng nhập đúng tên đăng nhập NamVP nhưng sai mật khẩu!
2024-07-10 13:01:38 INFO  HomeStoreJFrame:737 - Nhân viên: NamVP đăng nhập hệ thống!
